<?xml version="1.0" encoding="UTF-8"?>
<testng-results ignored="0" total="0" passed="0" failed="0" skipped="0">
  <reporter-output>
  </reporter-output>
  <suite started-at="2024-06-22T18:01:42 IST" name="Runner.TestRun" finished-at="2024-06-22T18:01:42 IST" duration-ms="33">
    <groups>
    </groups>
    <test started-at="2024-06-22T18:01:42 IST" name="Command line test" finished-at="2024-06-22T18:01:42 IST" duration-ms="33">
    </test> <!-- Command line test -->
  </suite> <!-- Runner.TestRun -->
</testng-results>
