<?xml version="1.0" encoding="UTF-8"?>
<testng-results skipped="0" failed="0" ignored="0" total="1" passed="1">
  <reporter-output>
  </reporter-output>
  <suite name="Default suite" duration-ms="3603" started-at="2023-02-24T13:13:55 IST" finished-at="2023-02-24T13:13:59 IST">
    <groups>
    </groups>
    <test name="Default test" duration-ms="3603" started-at="2023-02-24T13:13:55 IST" finished-at="2023-02-24T13:13:59 IST">
      <class name="ApiRestAssured.demoGET_call">
        <test-method status="PASS" signature="getCall()[pri:0, instance:ApiRestAssured.demoGET_call@2c039ac6]" name="getCall" duration-ms="3576" started-at="2023-02-24T13:13:55 IST" finished-at="2023-02-24T13:13:59 IST">
          <reporter-output>
          </reporter-output>
        </test-method> <!-- getCall -->
      </class> <!-- ApiRestAssured.demoGET_call -->
    </test> <!-- Default test -->
  </suite> <!-- Default suite -->
</testng-results>
